<?xml version="1.0" encoding="UTF-8"?>
<!-- Generated by org.testng.reporters.JUnitReportReporter -->
<testsuite hostname="Aruns-MacBook-Air.local" failures="0" tests="10" name="telecom_api.ContactListApplication" time="13.644" errors="0" timestamp="2025-08-11T23:49:42 IST" skipped="0">
  <testcase classname="telecom_api.ContactListApplication" name="testAddNewUser" time="2.301"/>
  <system-out/>
  <testcase classname="telecom_api.ContactListApplication" name="testGetUserProfile" time="1.440"/>
  <system-out/>
  <testcase classname="telecom_api.ContactListApplication" name="testUpdateUser" time="1.246"/>
  <system-out/>
  <testcase classname="telecom_api.ContactListApplication" name="testLoginUser" time="1.265"/>
  <system-out/>
  <testcase classname="telecom_api.ContactListApplication" name="addContact" time="1.256"/>
  <system-out/>
  <testcase classname="telecom_api.ContactListApplication" name="getContactList" time="1.298"/>
  <system-out/>
  <testcase classname="telecom_api.ContactListApplication" name="getContact" time="1.120"/>
  <system-out/>
  <testcase classname="telecom_api.ContactListApplication" name="updateContactPUT" time="1.220"/>
  <system-out/>
  <testcase classname="telecom_api.ContactListApplication" name="updateContactPATCH" time="1.271"/>
  <system-out/>
  <testcase classname="telecom_api.ContactListApplication" name="logoutUser" time="1.227"/>
  <system-out/>
</testsuite> <!-- telecom_api.ContactListApplication -->
