<?xml version="1.0" encoding="UTF-8"?>
<!-- Generated by org.testng.reporters.JUnitReportReporter -->
<testsuite hostname="Aruns-MacBook-Air.local" failures="0" tests="5" name="loginFunctionality.LoginValidation" time="20.798" errors="0" timestamp="2025-07-30T03:44:49 IST" skipped="0">
  <testcase classname="loginFunctionality.LoginValidation" name="loginOrangeHRM" time="4.659"/>
  <testcase classname="loginFunctionality.LoginValidation" name="loginOrangeHRM" time="3.353"/>
  <testcase classname="loginFunctionality.LoginValidation" name="loginOrangeHRM" time="3.349"/>
  <testcase classname="loginFunctionality.LoginValidation" name="loginOrangeHRM" time="3.379"/>
  <testcase classname="loginFunctionality.LoginValidation" name="loginOrangeHRM" time="6.058"/>
</testsuite> <!-- loginFunctionality.LoginValidation -->
