<?xml version="1.0" encoding="UTF-8"?>
<!-- Generated by org.testng.reporters.JUnitReportReporter -->
<testsuite hostname="Aruns-MacBook-Air.local" failures="0" tests="2" name="tests.CheckoutTest" time="19.032" errors="0" timestamp="2025-08-08T16:55:43 IST" skipped="0">
  <testcase classname="tests.CheckoutTest" name="checkOutFlow" time="11.189"/>
  <testcase classname="tests.CheckoutTest" name="PlaceOrder" time="7.843"/>
</testsuite> <!-- tests.CheckoutTest -->
