<?xml version="1.0" encoding="UTF-8"?>
<!-- Generated by org.testng.reporters.JUnitReportReporter -->
<testsuite hostname="Aruns-MacBook-Air.local" failures="0" tests="6" name="loginFunctionality.TestData" time="0.019" errors="0" timestamp="2025-07-30T03:44:19 IST" skipped="0">
  <testcase classname="loginFunctionality.TestData" name="getLoginData" time="0.001"/>
  <testcase classname="loginFunctionality.TestData" name="getLoginData" time="0.001"/>
  <testcase classname="loginFunctionality.TestData" name="getLoginData" time="0.013"/>
  <testcase classname="loginFunctionality.TestData" name="getLoginData" time="0.001"/>
  <testcase classname="loginFunctionality.TestData" name="getLoginData" time="0.001"/>
  <testcase classname="loginFunctionality.TestData" name="getLoginData" time="0.002"/>
</testsuite> <!-- loginFunctionality.TestData -->
