<?xml version="1.0" encoding="UTF-8"?>
<!-- Generated by org.testng.reporters.JUnitReportReporter -->
<testsuite hostname="Aruns-MacBook-Air.local" failures="0" tests="3" name="tests.LoginTest" time="13.177" errors="0" timestamp="2025-08-08T16:55:43 IST" skipped="0">
  <testcase classname="tests.LoginTest" name="testEmptyLogin" time="2.057"/>
  <testcase classname="tests.LoginTest" name="testValidLogin" time="5.013"/>
  <testcase classname="tests.LoginTest" name="testInvalidLogin" time="6.107"/>
</testsuite> <!-- tests.LoginTest -->
