<?xml version="1.0" encoding="UTF-8"?>
<!-- Generated by org.testng.reporters.JUnitReportReporter -->
<testsuite hostname="Aruns-MacBook-Air.local" failures="0" tests="5" name="tests.AdminTest" time="13.938" errors="0" timestamp="2025-07-30T17:32:52 IST" skipped="0">
  <testcase classname="tests.AdminTest" name="validLoginTest" time="4.039"/>
  <testcase classname="tests.AdminTest" name="testMenuOptionsCount" time="0.786"/>
  <testcase classname="tests.AdminTest" name="testSearchByUsername" time="2.865"/>
  <testcase classname="tests.AdminTest" name="searchByUserRole" time="2.934"/>
  <testcase classname="tests.AdminTest" name="testByUserStatus" time="3.314"/>
</testsuite> <!-- tests.AdminTest -->
