<?xml version="1.0" encoding="UTF-8"?>
<!-- Generated by org.testng.reporters.JUnitReportReporter -->
<testsuite hostname="Aruns-MacBook-Air.local" failures="0" tests="3" name="tests.AddToCartTest" time="38.115" errors="0" timestamp="2025-08-08T16:55:43 IST" skipped="0">
  <testcase classname="tests.AddToCartTest" name="testAddItemToCart" time="11.861"/>
  <testcase classname="tests.AddToCartTest" name="testAddMultipleItemToCart" time="12.978"/>
  <testcase classname="tests.AddToCartTest" name="removeItemfromCart" time="13.276"/>
</testsuite> <!-- tests.AddToCartTest -->
